<?xml version="1.0" encoding="UTF-8"?>
<testsuite xmlns:xsi="http://www.w3.org/2001/XMLSchema-instance" xsi:noNamespaceSchemaLocation="https://maven.apache.org/surefire/maven-failsafe-plugin/xsd/failsafe-test-report.xsd" name="com.parkit.parkingsystem.integration.daoIT.TicketDaoIT" time="0.418" tests="7" errors="0" skipped="0" failures="0">
  <properties>
    <property name="java.specification.version" value="13"/>
    <property name="sun.cpu.isalist" value="amd64"/>
    <property name="sun.jnu.encoding" value="Cp1252"/>
    <property name="java.class.path" value="C:\Users\Boubo\OneDrive\Bureau\developpement\openclassrooms\sealesforce\P05_boudjellal_nabil\code\parkingSystem\target\test-classes;C:\Users\Boubo\OneDrive\Bureau\developpement\openclassrooms\sealesforce\P05_boudjellal_nabil\code\parkingSystem\target\parking-system-1.0-SNAPSHOT.jar;C:\Users\Boubo\.m2\repository\org\apache\logging\log4j\log4j-api\2.12.1\log4j-api-2.12.1.jar;C:\Users\Boubo\.m2\repository\org\apache\logging\log4j\log4j-core\2.12.1\log4j-core-2.12.1.jar;C:\Users\Boubo\.m2\repository\mysql\mysql-connector-java\8.0.17\mysql-connector-java-8.0.17.jar;C:\Users\Boubo\.m2\repository\com\google\protobuf\protobuf-java\3.6.1\protobuf-java-3.6.1.jar;C:\Users\Boubo\.m2\repository\org\junit\jupiter\junit-jupiter-api\5.5.2\junit-jupiter-api-5.5.2.jar;C:\Users\Boubo\.m2\repository\org\apiguardian\apiguardian-api\1.1.0\apiguardian-api-1.1.0.jar;C:\Users\Boubo\.m2\repository\org\opentest4j\opentest4j\1.2.0\opentest4j-1.2.0.jar;C:\Users\Boubo\.m2\repository\org\junit\platform\junit-platform-commons\1.5.2\junit-platform-commons-1.5.2.jar;C:\Users\Boubo\.m2\repository\org\junit\jupiter\junit-jupiter-engine\5.5.2\junit-jupiter-engine-5.5.2.jar;C:\Users\Boubo\.m2\repository\org\junit\platform\junit-platform-engine\1.5.2\junit-platform-engine-1.5.2.jar;C:\Users\Boubo\.m2\repository\org\junit\platform\junit-platform-runner\1.5.2\junit-platform-runner-1.5.2.jar;C:\Users\Boubo\.m2\repository\junit\junit\4.12\junit-4.12.jar;C:\Users\Boubo\.m2\repository\org\hamcrest\hamcrest-core\1.3\hamcrest-core-1.3.jar;C:\Users\Boubo\.m2\repository\org\junit\platform\junit-platform-launcher\1.5.2\junit-platform-launcher-1.5.2.jar;C:\Users\Boubo\.m2\repository\org\junit\platform\junit-platform-suite-api\1.5.2\junit-platform-suite-api-1.5.2.jar;C:\Users\Boubo\.m2\repository\org\mockito\mockito-junit-jupiter\2.23.4\mockito-junit-jupiter-2.23.4.jar;C:\Users\Boubo\.m2\repository\org\mockito\mockito-core\2.23.4\mockito-core-2.23.4.jar;C:\Users\Boubo\.m2\repository\net\bytebuddy\byte-buddy\1.9.3\byte-buddy-1.9.3.jar;C:\Users\Boubo\.m2\repository\net\bytebuddy\byte-buddy-agent\1.9.3\byte-buddy-agent-1.9.3.jar;C:\Users\Boubo\.m2\repository\org\objenesis\objenesis\2.6\objenesis-2.6.jar;C:\Users\Boubo\.m2\repository\org\jacoco\jacoco-maven-plugin\0.8.5\jacoco-maven-plugin-0.8.5.jar;C:\Users\Boubo\.m2\repository\org\apache\maven\maven-plugin-api\3.0\maven-plugin-api-3.0.jar;C:\Users\Boubo\.m2\repository\org\apache\maven\maven-core\3.0\maven-core-3.0.jar;C:\Users\Boubo\.m2\repository\org\apache\maven\maven-model-builder\3.0\maven-model-builder-3.0.jar;C:\Users\Boubo\.m2\repository\org\apache\maven\maven-aether-provider\3.0\maven-aether-provider-3.0.jar;C:\Users\Boubo\.m2\repository\org\sonatype\aether\aether-impl\1.7\aether-impl-1.7.jar;C:\Users\Boubo\.m2\repository\org\sonatype\aether\aether-spi\1.7\aether-spi-1.7.jar;C:\Users\Boubo\.m2\repository\org\sonatype\aether\aether-api\1.7\aether-api-1.7.jar;C:\Users\Boubo\.m2\repository\org\sonatype\aether\aether-util\1.7\aether-util-1.7.jar;C:\Users\Boubo\.m2\repository\org\sonatype\plexus\plexus-sec-dispatcher\1.3\plexus-sec-dispatcher-1.3.jar;C:\Users\Boubo\.m2\repository\org\sonatype\plexus\plexus-cipher\1.4\plexus-cipher-1.4.jar;C:\Users\Boubo\.m2\repository\org\codehaus\plexus\plexus-utils\3.0.22\plexus-utils-3.0.22.jar;C:\Users\Boubo\.m2\repository\org\apache\maven\shared\file-management\1.2.1\file-management-1.2.1.jar;C:\Users\Boubo\.m2\repository\org\apache\maven\reporting\maven-reporting-api\3.0\maven-reporting-api-3.0.jar;C:\Users\Boubo\.m2\repository\org\apache\maven\reporting\maven-reporting-impl\2.1\maven-reporting-impl-2.1.jar;C:\Users\Boubo\.m2\repository\org\apache\maven\maven-project\2.0.10\maven-project-2.0.10.jar;C:\Users\Boubo\.m2\repository\org\apache\maven\maven-profile\2.0.10\maven-profile-2.0.10.jar;C:\Users\Boubo\.m2\repository\org\apache\maven\maven-plugin-registry\2.0.10\maven-plugin-registry-2.0.10.jar;C:\Users\Boubo\.m2\repository\org\jacoco\org.jacoco.agent\0.8.5\org.jacoco.agent-0.8.5-runtime.jar;C:\Users\Boubo\.m2\repository\org\jacoco\org.jacoco.core\0.8.5\org.jacoco.core-0.8.5.jar;C:\Users\Boubo\.m2\repository\org\ow2\asm\asm\7.2\asm-7.2.jar;C:\Users\Boubo\.m2\repository\org\ow2\asm\asm-commons\7.2\asm-commons-7.2.jar;C:\Users\Boubo\.m2\repository\org\ow2\asm\asm-analysis\7.2\asm-analysis-7.2.jar;C:\Users\Boubo\.m2\repository\org\ow2\asm\asm-tree\7.2\asm-tree-7.2.jar;C:\Users\Boubo\.m2\repository\org\jacoco\org.jacoco.report\0.8.5\org.jacoco.report-0.8.5.jar;C:\Users\Boubo\.m2\repository\org\apache\maven\plugins\maven-assembly-plugin\3.0.0\maven-assembly-plugin-3.0.0.jar;C:\Users\Boubo\.m2\repository\org\apache\maven\maven-artifact\3.0\maven-artifact-3.0.jar;C:\Users\Boubo\.m2\repository\org\apache\maven\maven-model\3.0\maven-model-3.0.jar;C:\Users\Boubo\.m2\repository\org\apache\maven\shared\maven-common-artifact-filters\3.0.1\maven-common-artifact-filters-3.0.1.jar;C:\Users\Boubo\.m2\repository\org\apache\maven\shared\maven-artifact-transfer\0.9.0\maven-artifact-transfer-0.9.0.jar;C:\Users\Boubo\.m2\repository\org\slf4j\slf4j-api\1.7.5\slf4j-api-1.7.5.jar;C:\Users\Boubo\.m2\repository\org\codehaus\plexus\plexus-interpolation\1.24\plexus-interpolation-1.24.jar;C:\Users\Boubo\.m2\repository\org\codehaus\plexus\plexus-archiver\3.4\plexus-archiver-3.4.jar;C:\Users\Boubo\.m2\repository\org\apache\commons\commons-compress\1.11\commons-compress-1.11.jar;C:\Users\Boubo\.m2\repository\org\iq80\snappy\snappy\0.4\snappy-0.4.jar;C:\Users\Boubo\.m2\repository\org\tukaani\xz\1.5\xz-1.5.jar;C:\Users\Boubo\.m2\repository\org\apache\maven\shared\maven-shared-io\3.0.0\maven-shared-io-3.0.0.jar;C:\Users\Boubo\.m2\repository\commons-io\commons-io\2.5\commons-io-2.5.jar;C:\Users\Boubo\.m2\repository\org\apache\maven\shared\maven-filtering\3.1.1\maven-filtering-3.1.1.jar;C:\Users\Boubo\.m2\repository\org\codehaus\plexus\plexus-io\2.7.1\plexus-io-2.7.1.jar;C:\Users\Boubo\.m2\repository\org\apache\maven\maven-archiver\3.1.1\maven-archiver-3.1.1.jar;C:\Users\Boubo\.m2\repository\commons-codec\commons-codec\1.6\commons-codec-1.6.jar;C:\Users\Boubo\.m2\repository\org\apache\maven\plugins\maven-site-plugin\3.7.1\maven-site-plugin-3.7.1.jar;C:\Users\Boubo\.m2\repository\org\apache\maven\reporting\maven-reporting-exec\1.4\maven-reporting-exec-1.4.jar;C:\Users\Boubo\.m2\repository\org\eclipse\aether\aether-util\0.9.0.M2\aether-util-0.9.0.M2.jar;C:\Users\Boubo\.m2\repository\org\apache\maven\shared\maven-shared-utils\3.1.0\maven-shared-utils-3.1.0.jar;C:\Users\Boubo\.m2\repository\org\apache\maven\maven-settings\3.0\maven-settings-3.0.jar;C:\Users\Boubo\.m2\repository\org\apache\maven\maven-settings-builder\3.0\maven-settings-builder-3.0.jar;C:\Users\Boubo\.m2\repository\org\sonatype\sisu\sisu-inject-plexus\1.4.2\sisu-inject-plexus-1.4.2.jar;C:\Users\Boubo\.m2\repository\org\sonatype\sisu\sisu-inject-bean\1.4.2\sisu-inject-bean-1.4.2.jar;C:\Users\Boubo\.m2\repository\org\sonatype\sisu\sisu-guice\2.1.7\sisu-guice-2.1.7-noaop.jar;C:\Users\Boubo\.m2\repository\org\codehaus\plexus\plexus-i18n\1.0-beta-10\plexus-i18n-1.0-beta-10.jar;C:\Users\Boubo\.m2\repository\org\codehaus\plexus\plexus-classworlds\2.5.2\plexus-classworlds-2.5.2.jar;C:\Users\Boubo\.m2\repository\org\apache\maven\doxia\doxia-sink-api\1.8\doxia-sink-api-1.8.jar;C:\Users\Boubo\.m2\repository\org\apache\maven\doxia\doxia-logging-api\1.8\doxia-logging-api-1.8.jar;C:\Users\Boubo\.m2\repository\org\apache\maven\doxia\doxia-module-xhtml\1.8\doxia-module-xhtml-1.8.jar;C:\Users\Boubo\.m2\repository\org\apache\maven\doxia\doxia-module-apt\1.8\doxia-module-apt-1.8.jar;C:\Users\Boubo\.m2\repository\org\apache\maven\doxia\doxia-module-xdoc\1.8\doxia-module-xdoc-1.8.jar;C:\Users\Boubo\.m2\repository\org\apache\maven\doxia\doxia-module-fml\1.8\doxia-module-fml-1.8.jar;C:\Users\Boubo\.m2\repository\org\apache\maven\doxia\doxia-module-markdown\1.8\doxia-module-markdown-1.8.jar;C:\Users\Boubo\.m2\repository\com\vladsch\flexmark\flexmark-all\0.18.4\flexmark-all-0.18.4.jar;C:\Users\Boubo\.m2\repository\com\vladsch\flexmark\flexmark\0.18.4\flexmark-0.18.4.jar;C:\Users\Boubo\.m2\repository\com\vladsch\flexmark\flexmark-ext-abbreviation\0.18.4\flexmark-ext-abbreviation-0.18.4.jar;C:\Users\Boubo\.m2\repository\com\vladsch\flexmark\flexmark-ext-anchorlink\0.18.4\flexmark-ext-anchorlink-0.18.4.jar;C:\Users\Boubo\.m2\repository\com\vladsch\flexmark\flexmark-ext-aside\0.18.4\flexmark-ext-aside-0.18.4.jar;C:\Users\Boubo\.m2\repository\com\vladsch\flexmark\flexmark-ext-autolink\0.18.4\flexmark-ext-autolink-0.18.4.jar;C:\Users\Boubo\.m2\repository\org\nibor\autolink\autolink\0.6.0\autolink-0.6.0.jar;C:\Users\Boubo\.m2\repository\com\vladsch\flexmark\flexmark-ext-definition\0.18.4\flexmark-ext-definition-0.18.4.jar;C:\Users\Boubo\.m2\repository\com\vladsch\flexmark\flexmark-ext-emoji\0.18.4\flexmark-ext-emoji-0.18.4.jar;C:\Users\Boubo\.m2\repository\com\vladsch\flexmark\flexmark-ext-escaped-character\0.18.4\flexmark-ext-escaped-character-0.18.4.jar;C:\Users\Boubo\.m2\repository\com\vladsch\flexmark\flexmark-ext-footnotes\0.18.4\flexmark-ext-footnotes-0.18.4.jar;C:\Users\Boubo\.m2\repository\com\vladsch\flexmark\flexmark-ext-gfm-strikethrough\0.18.4\flexmark-ext-gfm-strikethrough-0.18.4.jar;C:\Users\Boubo\.m2\repository\com\vladsch\flexmark\flexmark-ext-gfm-tables\0.18.4\flexmark-ext-gfm-tables-0.18.4.jar;C:\Users\Boubo\.m2\repository\com\vladsch\flexmark\flexmark-ext-gfm-tasklist\0.18.4\flexmark-ext-gfm-tasklist-0.18.4.jar;C:\Users\Boubo\.m2\repository\com\vladsch\flexmark\flexmark-ext-jekyll-front-matter\0.18.4\flexmark-ext-jekyll-front-matter-0.18.4.jar;C:\Users\Boubo\.m2\repository\com\vladsch\flexmark\flexmark-ext-jekyll-tag\0.18.4\flexmark-ext-jekyll-tag-0.18.4.jar;C:\Users\Boubo\.m2\repository\com\vladsch\flexmark\flexmark-ext-ins\0.18.4\flexmark-ext-ins-0.18.4.jar;C:\Users\Boubo\.m2\repository\com\vladsch\flexmark\flexmark-ext-xwiki-macros\0.18.4\flexmark-ext-xwiki-macros-0.18.4.jar;C:\Users\Boubo\.m2\repository\com\vladsch\flexmark\flexmark-ext-spec-example\0.18.4\flexmark-ext-spec-example-0.18.4.jar;C:\Users\Boubo\.m2\repository\com\vladsch\flexmark\flexmark-test-util\0.18.4\flexmark-test-util-0.18.4.jar;C:\Users\Boubo\.m2\repository\com\vladsch\flexmark\flexmark-ext-superscript\0.18.4\flexmark-ext-superscript-0.18.4.jar;C:\Users\Boubo\.m2\repository\com\vladsch\flexmark\flexmark-ext-tables\0.18.4\flexmark-ext-tables-0.18.4.jar;C:\Users\Boubo\.m2\repository\com\vladsch\flexmark\flexmark-ext-toc\0.18.4\flexmark-ext-toc-0.18.4.jar;C:\Users\Boubo\.m2\repository\com\vladsch\flexmark\flexmark-ext-typographic\0.18.4\flexmark-ext-typographic-0.18.4.jar;C:\Users\Boubo\.m2\repository\com\vladsch\flexmark\flexmark-ext-wikilink\0.18.4\flexmark-ext-wikilink-0.18.4.jar;C:\Users\Boubo\.m2\repository\com\vladsch\flexmark\flexmark-ext-yaml-front-matter\0.18.4\flexmark-ext-yaml-front-matter-0.18.4.jar;C:\Users\Boubo\.m2\repository\com\vladsch\flexmark\flexmark-formatter\0.18.4\flexmark-formatter-0.18.4.jar;C:\Users\Boubo\.m2\repository\com\vladsch\flexmark\flexmark-html-parser\0.18.4\flexmark-html-parser-0.18.4.jar;C:\Users\Boubo\.m2\repository\com\vladsch\flexmark\flexmark-jira-converter\0.18.4\flexmark-jira-converter-0.18.4.jar;C:\Users\Boubo\.m2\repository\com\vladsch\flexmark\flexmark-pdf-converter\0.18.4\flexmark-pdf-converter-0.18.4.jar;C:\Users\Boubo\.m2\repository\com\openhtmltopdf\openhtmltopdf-core\0.0.1-RC9\openhtmltopdf-core-0.0.1-RC9.jar;C:\Users\Boubo\.m2\repository\com\openhtmltopdf\openhtmltopdf-pdfbox\0.0.1-RC9\openhtmltopdf-pdfbox-0.0.1-RC9.jar;C:\Users\Boubo\.m2\repository\org\apache\pdfbox\pdfbox\2.0.4\pdfbox-2.0.4.jar;C:\Users\Boubo\.m2\repository\org\apache\pdfbox\fontbox\2.0.4\fontbox-2.0.4.jar;C:\Users\Boubo\.m2\repository\com\openhtmltopdf\openhtmltopdf-rtl-support\0.0.1-RC9\openhtmltopdf-rtl-support-0.0.1-RC9.jar;C:\Users\Boubo\.m2\repository\com\openhtmltopdf\openhtmltopdf-jsoup-dom-converter\0.0.1-RC9\openhtmltopdf-jsoup-dom-converter-0.0.1-RC9.jar;C:\Users\Boubo\.m2\repository\com\vladsch\flexmark\flexmark-profile-pegdown\0.18.4\flexmark-profile-pegdown-0.18.4.jar;C:\Users\Boubo\.m2\repository\com\vladsch\flexmark\flexmark-util\0.18.4\flexmark-util-0.18.4.jar;C:\Users\Boubo\.m2\repository\com\vladsch\flexmark\flexmark-youtrack-converter\0.18.4\flexmark-youtrack-converter-0.18.4.jar;C:\Users\Boubo\.m2\repository\javax\servlet\servlet-api\2.5\servlet-api-2.5.jar;C:\Users\Boubo\.m2\repository\org\apache\maven\doxia\doxia-decoration-model\1.8.1\doxia-decoration-model-1.8.1.jar;C:\Users\Boubo\.m2\repository\org\apache\maven\doxia\doxia-site-renderer\1.8.1\doxia-site-renderer-1.8.1.jar;C:\Users\Boubo\.m2\repository\org\apache\maven\doxia\doxia-skin-model\1.8.1\doxia-skin-model-1.8.1.jar;C:\Users\Boubo\.m2\repository\org\apache\velocity\velocity-tools\2.0\velocity-tools-2.0.jar;C:\Users\Boubo\.m2\repository\commons-chain\commons-chain\1.1\commons-chain-1.1.jar;C:\Users\Boubo\.m2\repository\oro\oro\2.0.8\oro-2.0.8.jar;C:\Users\Boubo\.m2\repository\sslext\sslext\1.2-0\sslext-1.2-0.jar;C:\Users\Boubo\.m2\repository\org\apache\struts\struts-core\1.3.8\struts-core-1.3.8.jar;C:\Users\Boubo\.m2\repository\org\apache\struts\struts-taglib\1.3.8\struts-taglib-1.3.8.jar;C:\Users\Boubo\.m2\repository\org\apache\struts\struts-tiles\1.3.8\struts-tiles-1.3.8.jar;C:\Users\Boubo\.m2\repository\commons-collections\commons-collections\3.2.1\commons-collections-3.2.1.jar;C:\Users\Boubo\.m2\repository\org\apache\maven\doxia\doxia-integration-tools\1.8.1\doxia-integration-tools-1.8.1.jar;C:\Users\Boubo\.m2\repository\org\apache\maven\wagon\wagon-provider-api\1.0\wagon-provider-api-1.0.jar;C:\Users\Boubo\.m2\repository\org\mortbay\jetty\jetty\6.1.25\jetty-6.1.25.jar;C:\Users\Boubo\.m2\repository\org\mortbay\jetty\servlet-api\2.5-20081211\servlet-api-2.5-20081211.jar;C:\Users\Boubo\.m2\repository\org\mortbay\jetty\jetty-util\6.1.25\jetty-util-6.1.25.jar;C:\Users\Boubo\.m2\repository\org\apache\commons\commons-lang3\3.4\commons-lang3-3.4.jar;C:\Users\Boubo\.m2\repository\org\apache\maven\plugins\maven-project-info-reports-plugin\3.0.0\maven-project-info-reports-plugin-3.0.0.jar;C:\Users\Boubo\.m2\repository\org\apache\maven\maven-repository-metadata\3.0\maven-repository-metadata-3.0.jar;C:\Users\Boubo\.m2\repository\org\apache\maven\shared\maven-dependency-tree\2.2\maven-dependency-tree-2.2.jar;C:\Users\Boubo\.m2\repository\org\apache\maven\shared\maven-shared-jar\1.2\maven-shared-jar-1.2.jar;C:\Users\Boubo\.m2\repository\org\codehaus\plexus\plexus-digest\1.0\plexus-digest-1.0.jar;C:\Users\Boubo\.m2\repository\org\apache\bcel\bcel\6.2\bcel-6.2.jar;C:\Users\Boubo\.m2\repository\org\apache\maven\scm\maven-scm-api\1.10.0\maven-scm-api-1.10.0.jar;C:\Users\Boubo\.m2\repository\org\apache\maven\scm\maven-scm-manager-plexus\1.10.0\maven-scm-manager-plexus-1.10.0.jar;C:\Users\Boubo\.m2\repository\org\apache\maven\scm\maven-scm-provider-hg\1.10.0\maven-scm-provider-hg-1.10.0.jar;C:\Users\Boubo\.m2\repository\org\apache\maven\scm\maven-scm-provider-perforce\1.10.0\maven-scm-provider-perforce-1.10.0.jar;C:\Users\Boubo\.m2\repository\org\apache\maven\scm\maven-scm-provider-starteam\1.10.0\maven-scm-provider-starteam-1.10.0.jar;C:\Users\Boubo\.m2\repository\org\apache\maven\scm\maven-scm-provider-svn-commons\1.10.0\maven-scm-provider-svn-commons-1.10.0.jar;C:\Users\Boubo\.m2\repository\org\apache\maven\scm\maven-scm-provider-svnexe\1.10.0\maven-scm-provider-svnexe-1.10.0.jar;C:\Users\Boubo\.m2\repository\org\apache\maven\scm\maven-scm-provider-cvs-commons\1.10.0\maven-scm-provider-cvs-commons-1.10.0.jar;C:\Users\Boubo\.m2\repository\org\apache\maven\scm\maven-scm-provider-cvsexe\1.10.0\maven-scm-provider-cvsexe-1.10.0.jar;C:\Users\Boubo\.m2\repository\org\apache\maven\scm\maven-scm-provider-cvsjava\1.10.0\maven-scm-provider-cvsjava-1.10.0.jar;C:\Users\Boubo\.m2\repository\org\netbeans\lib\cvsclient\20060125\cvsclient-20060125.jar;C:\Users\Boubo\.m2\repository\ch\ethz\ganymed\ganymed-ssh2\build210\ganymed-ssh2-build210.jar;C:\Users\Boubo\.m2\repository\org\apache\maven\scm\maven-scm-provider-git-commons\1.10.0\maven-scm-provider-git-commons-1.10.0.jar;C:\Users\Boubo\.m2\repository\org\apache\maven\scm\maven-scm-provider-gitexe\1.10.0\maven-scm-provider-gitexe-1.10.0.jar;C:\Users\Boubo\.m2\repository\org\apache\maven\doxia\doxia-core\1.8\doxia-core-1.8.jar;C:\Users\Boubo\.m2\repository\org\apache\httpcomponents\httpclient\4.0.2\httpclient-4.0.2.jar;C:\Users\Boubo\.m2\repository\org\apache\httpcomponents\httpcore\4.0.1\httpcore-4.0.1.jar;C:\Users\Boubo\.m2\repository\org\apache\maven\wagon\wagon-http-lightweight\3.1.0\wagon-http-lightweight-3.1.0.jar;C:\Users\Boubo\.m2\repository\org\apache\maven\wagon\wagon-http-shared\3.1.0\wagon-http-shared-3.1.0.jar;C:\Users\Boubo\.m2\repository\org\jsoup\jsoup\1.11.2\jsoup-1.11.2.jar;C:\Users\Boubo\.m2\repository\commons-validator\commons-validator\1.6\commons-validator-1.6.jar;C:\Users\Boubo\.m2\repository\commons-beanutils\commons-beanutils\1.9.2\commons-beanutils-1.9.2.jar;C:\Users\Boubo\.m2\repository\commons-digester\commons-digester\1.8.1\commons-digester-1.8.1.jar;C:\Users\Boubo\.m2\repository\commons-logging\commons-logging\1.2\commons-logging-1.2.jar;C:\Users\Boubo\.m2\repository\org\apache\maven\plugins\maven-jxr-plugin\3.0.0\maven-jxr-plugin-3.0.0.jar;C:\Users\Boubo\.m2\repository\org\apache\maven\maven-jxr\3.0.0\maven-jxr-3.0.0.jar;C:\Users\Boubo\.m2\repository\org\codehaus\plexus\plexus-java\0.9.8\plexus-java-0.9.8.jar;C:\Users\Boubo\.m2\repository\com\thoughtworks\qdox\qdox\2.0-M7\qdox-2.0-M7.jar;C:\Users\Boubo\.m2\repository\xml-apis\xml-apis\1.0.b2\xml-apis-1.0.b2.jar;C:\Users\Boubo\.m2\repository\xalan\xalan\2.7.0\xalan-2.7.0.jar;C:\Users\Boubo\.m2\repository\org\apache\maven\plugins\maven-checkstyle-plugin\3.1.2\maven-checkstyle-plugin-3.1.2.jar;C:\Users\Boubo\.m2\repository\org\codehaus\plexus\plexus-component-annotations\2.0.0\plexus-component-annotations-2.0.0.jar;C:\Users\Boubo\.m2\repository\org\codehaus\plexus\plexus-resources\1.1.0\plexus-resources-1.1.0.jar;C:\Users\Boubo\.m2\repository\org\codehaus\plexus\plexus-velocity\1.2\plexus-velocity-1.2.jar;C:\Users\Boubo\.m2\repository\com\puppycrawl\tools\checkstyle\8.29\checkstyle-8.29.jar;C:\Users\Boubo\.m2\repository\info\picocli\picocli\4.1.4\picocli-4.1.4.jar;C:\Users\Boubo\.m2\repository\antlr\antlr\2.7.7\antlr-2.7.7.jar;C:\Users\Boubo\.m2\repository\org\antlr\antlr4-runtime\4.8-1\antlr4-runtime-4.8-1.jar;C:\Users\Boubo\.m2\repository\com\google\guava\guava\28.2-jre\guava-28.2-jre.jar;C:\Users\Boubo\.m2\repository\com\google\guava\failureaccess\1.0.1\failureaccess-1.0.1.jar;C:\Users\Boubo\.m2\repository\com\google\guava\listenablefuture\9999.0-empty-to-avoid-conflict-with-guava\listenablefuture-9999.0-empty-to-avoid-conflict-with-guava.jar;C:\Users\Boubo\.m2\repository\org\checkerframework\checker-qual\2.10.0\checker-qual-2.10.0.jar;C:\Users\Boubo\.m2\repository\com\google\errorprone\error_prone_annotations\2.3.4\error_prone_annotations-2.3.4.jar;C:\Users\Boubo\.m2\repository\com\google\j2objc\j2objc-annotations\1.3\j2objc-annotations-1.3.jar;C:\Users\Boubo\.m2\repository\net\sf\saxon\Saxon-HE\9.9.1-6\Saxon-HE-9.9.1-6.jar;C:\Users\Boubo\.m2\repository\org\apache\velocity\velocity\1.7\velocity-1.7.jar;C:\Users\Boubo\.m2\repository\javax\xml\bind\jaxb-api\2.3.1\jaxb-api-2.3.1.jar;C:\Users\Boubo\.m2\repository\javax\activation\javax.activation-api\1.2.0\javax.activation-api-1.2.0.jar;C:\Users\Boubo\.m2\repository\org\codehaus\mojo\findbugs-maven-plugin\3.0.5\findbugs-maven-plugin-3.0.5.jar;C:\Users\Boubo\.m2\repository\org\apache\ant\ant\1.9.9\ant-1.9.9.jar;C:\Users\Boubo\.m2\repository\org\apache\ant\ant-launcher\1.9.9\ant-launcher-1.9.9.jar;C:\Users\Boubo\.m2\repository\org\codehaus\groovy\groovy\2.4.12\groovy-2.4.12.jar;C:\Users\Boubo\.m2\repository\org\codehaus\groovy\groovy-ant\2.4.12\groovy-ant-2.4.12.jar;C:\Users\Boubo\.m2\repository\org\apache\ant\ant-antlr\1.9.4\ant-antlr-1.9.4.jar;C:\Users\Boubo\.m2\repository\org\apache\ant\ant-junit\1.9.4\ant-junit-1.9.4.jar;C:\Users\Boubo\.m2\repository\org\codehaus\groovy\groovy-groovydoc\2.4.12\groovy-groovydoc-2.4.12.jar;C:\Users\Boubo\.m2\repository\org\codehaus\groovy\groovy-templates\2.4.12\groovy-templates-2.4.12.jar;C:\Users\Boubo\.m2\repository\org\codehaus\groovy\groovy-xml\2.4.12\groovy-xml-2.4.12.jar;C:\Users\Boubo\.m2\repository\org\apache\maven\maven-compat\3.5.0\maven-compat-3.5.0.jar;C:\Users\Boubo\.m2\repository\org\apache\maven\maven-resolver-provider\3.5.0\maven-resolver-provider-3.5.0.jar;C:\Users\Boubo\.m2\repository\org\apache\maven\resolver\maven-resolver-spi\1.0.3\maven-resolver-spi-1.0.3.jar;C:\Users\Boubo\.m2\repository\org\apache\maven\resolver\maven-resolver-api\1.0.3\maven-resolver-api-1.0.3.jar;C:\Users\Boubo\.m2\repository\org\apache\maven\resolver\maven-resolver-util\1.0.3\maven-resolver-util-1.0.3.jar;C:\Users\Boubo\.m2\repository\org\apache\maven\resolver\maven-resolver-impl\1.0.3\maven-resolver-impl-1.0.3.jar;C:\Users\Boubo\.m2\repository\org\eclipse\sisu\org.eclipse.sisu.plexus\0.3.3\org.eclipse.sisu.plexus-0.3.3.jar;C:\Users\Boubo\.m2\repository\javax\enterprise\cdi-api\1.0\cdi-api-1.0.jar;C:\Users\Boubo\.m2\repository\javax\annotation\jsr250-api\1.0\jsr250-api-1.0.jar;C:\Users\Boubo\.m2\repository\javax\inject\javax.inject\1\javax.inject-1.jar;C:\Users\Boubo\.m2\repository\org\eclipse\sisu\org.eclipse.sisu.inject\0.3.3\org.eclipse.sisu.inject-0.3.3.jar;C:\Users\Boubo\.m2\repository\org\apache\maven\shared\maven-doxia-tools\1.4\maven-doxia-tools-1.4.jar;C:\Users\Boubo\.m2\repository\org\apache\maven\maven-artifact-manager\2.2.1\maven-artifact-manager-2.2.1.jar;C:\Users\Boubo\.m2\repository\backport-util-concurrent\backport-util-concurrent\3.1\backport-util-concurrent-3.1.jar;C:\Users\Boubo\.m2\repository\org\codehaus\plexus\plexus-container-default\1.7.1\plexus-container-default-1.7.1.jar;C:\Users\Boubo\.m2\repository\org\apache\xbean\xbean-reflect\3.7\xbean-reflect-3.7.jar;C:\Users\Boubo\.m2\repository\com\google\collections\google-collections\1.0\google-collections-1.0.jar;C:\Users\Boubo\.m2\repository\org\sonatype\plexus\plexus-build-api\0.0.7\plexus-build-api-0.0.7.jar;C:\Users\Boubo\.m2\repository\org\apache\maven\plugins\maven-surefire-report-plugin\3.0.0-M4\maven-surefire-report-plugin-3.0.0-M4.jar;C:\Users\Boubo\.m2\repository\org\apache\maven\surefire\surefire-report-parser\3.0.0-M4\surefire-report-parser-3.0.0-M4.jar;C:\Users\Boubo\.m2\repository\org\apache\maven\surefire\surefire-logger-api\3.0.0-M4\surefire-logger-api-3.0.0-M4.jar;C:\Users\Boubo\.m2\repository\commons-lang\commons-lang\2.6\commons-lang-2.6.jar;C:\Users\Boubo\.m2\repository\org\codehaus\mojo\xml-maven-plugin\1.0.2\xml-maven-plugin-1.0.2.jar;C:\Users\Boubo\.m2\repository\xml-resolver\xml-resolver\1.2\xml-resolver-1.2.jar;C:\Users\Boubo\.m2\repository\com\google\code\findbugs\findbugs\2.0.1\findbugs-2.0.1.jar;C:\Users\Boubo\.m2\repository\com\google\code\findbugs\bcel\2.0.1\bcel-2.0.1.jar;C:\Users\Boubo\.m2\repository\com\google\code\findbugs\jsr305\2.0.1\jsr305-2.0.1.jar;C:\Users\Boubo\.m2\repository\com\google\code\findbugs\jFormatString\2.0.1\jFormatString-2.0.1.jar;C:\Users\Boubo\.m2\repository\com\google\code\findbugs\annotations\2.0.1\annotations-2.0.1.jar;C:\Users\Boubo\.m2\repository\dom4j\dom4j\1.6.1\dom4j-1.6.1.jar;C:\Users\Boubo\.m2\repository\jaxen\jaxen\1.1.1\jaxen-1.1.1.jar;C:\Users\Boubo\.m2\repository\jdom\jdom\1.0\jdom-1.0.jar;C:\Users\Boubo\.m2\repository\xerces\xercesImpl\2.6.2\xercesImpl-2.6.2.jar;C:\Users\Boubo\.m2\repository\xom\xom\1.0\xom-1.0.jar;C:\Users\Boubo\.m2\repository\xerces\xmlParserAPIs\2.6.2\xmlParserAPIs-2.6.2.jar;C:\Users\Boubo\.m2\repository\com\ibm\icu\icu4j\2.6.1\icu4j-2.6.1.jar;C:\Users\Boubo\.m2\repository\asm\asm\3.3\asm-3.3.jar;C:\Users\Boubo\.m2\repository\asm\asm-tree\3.3\asm-tree-3.3.jar;C:\Users\Boubo\.m2\repository\asm\asm-commons\3.3\asm-commons-3.3.jar;"/>
    <property name="java.vm.vendor" value="Azul Systems, Inc."/>
    <property name="sun.arch.data.model" value="64"/>
    <property name="user.variant" value=""/>
    <property name="java.vendor.url" value="http://www.azulsystems.com/"/>
    <property name="user.timezone" value="Europe/Paris"/>
    <property name="os.name" value="Windows 10"/>
    <property name="java.vm.specification.version" value="13"/>
    <property name="sun.java.launcher" value="SUN_STANDARD"/>
    <property name="user.country" value="FR"/>
    <property name="sun.boot.library.path" value="C:\Users\Boubo\.jdks\azul-13.0.6\bin"/>
    <property name="sun.java.command" value="C:\Users\Boubo\AppData\Local\Temp\surefire3736130803984813042\surefirebooter5510084015224949454.jar C:\Users\Boubo\AppData\Local\Temp\surefire3736130803984813042 2021-02-23T15-12-57_898-jvmRun1 surefire11443019144923172978tmp surefire_017679569378292572711tmp"/>
    <property name="jdk.debug" value="release"/>
    <property name="surefire.test.class.path" value="C:\Users\Boubo\OneDrive\Bureau\developpement\openclassrooms\sealesforce\P05_boudjellal_nabil\code\parkingSystem\target\test-classes;C:\Users\Boubo\OneDrive\Bureau\developpement\openclassrooms\sealesforce\P05_boudjellal_nabil\code\parkingSystem\target\parking-system-1.0-SNAPSHOT.jar;C:\Users\Boubo\.m2\repository\org\apache\logging\log4j\log4j-api\2.12.1\log4j-api-2.12.1.jar;C:\Users\Boubo\.m2\repository\org\apache\logging\log4j\log4j-core\2.12.1\log4j-core-2.12.1.jar;C:\Users\Boubo\.m2\repository\mysql\mysql-connector-java\8.0.17\mysql-connector-java-8.0.17.jar;C:\Users\Boubo\.m2\repository\com\google\protobuf\protobuf-java\3.6.1\protobuf-java-3.6.1.jar;C:\Users\Boubo\.m2\repository\org\junit\jupiter\junit-jupiter-api\5.5.2\junit-jupiter-api-5.5.2.jar;C:\Users\Boubo\.m2\repository\org\apiguardian\apiguardian-api\1.1.0\apiguardian-api-1.1.0.jar;C:\Users\Boubo\.m2\repository\org\opentest4j\opentest4j\1.2.0\opentest4j-1.2.0.jar;C:\Users\Boubo\.m2\repository\org\junit\platform\junit-platform-commons\1.5.2\junit-platform-commons-1.5.2.jar;C:\Users\Boubo\.m2\repository\org\junit\jupiter\junit-jupiter-engine\5.5.2\junit-jupiter-engine-5.5.2.jar;C:\Users\Boubo\.m2\repository\org\junit\platform\junit-platform-engine\1.5.2\junit-platform-engine-1.5.2.jar;C:\Users\Boubo\.m2\repository\org\junit\platform\junit-platform-runner\1.5.2\junit-platform-runner-1.5.2.jar;C:\Users\Boubo\.m2\repository\junit\junit\4.12\junit-4.12.jar;C:\Users\Boubo\.m2\repository\org\hamcrest\hamcrest-core\1.3\hamcrest-core-1.3.jar;C:\Users\Boubo\.m2\repository\org\junit\platform\junit-platform-launcher\1.5.2\junit-platform-launcher-1.5.2.jar;C:\Users\Boubo\.m2\repository\org\junit\platform\junit-platform-suite-api\1.5.2\junit-platform-suite-api-1.5.2.jar;C:\Users\Boubo\.m2\repository\org\mockito\mockito-junit-jupiter\2.23.4\mockito-junit-jupiter-2.23.4.jar;C:\Users\Boubo\.m2\repository\org\mockito\mockito-core\2.23.4\mockito-core-2.23.4.jar;C:\Users\Boubo\.m2\repository\net\bytebuddy\byte-buddy\1.9.3\byte-buddy-1.9.3.jar;C:\Users\Boubo\.m2\repository\net\bytebuddy\byte-buddy-agent\1.9.3\byte-buddy-agent-1.9.3.jar;C:\Users\Boubo\.m2\repository\org\objenesis\objenesis\2.6\objenesis-2.6.jar;C:\Users\Boubo\.m2\repository\org\jacoco\jacoco-maven-plugin\0.8.5\jacoco-maven-plugin-0.8.5.jar;C:\Users\Boubo\.m2\repository\org\apache\maven\maven-plugin-api\3.0\maven-plugin-api-3.0.jar;C:\Users\Boubo\.m2\repository\org\apache\maven\maven-core\3.0\maven-core-3.0.jar;C:\Users\Boubo\.m2\repository\org\apache\maven\maven-model-builder\3.0\maven-model-builder-3.0.jar;C:\Users\Boubo\.m2\repository\org\apache\maven\maven-aether-provider\3.0\maven-aether-provider-3.0.jar;C:\Users\Boubo\.m2\repository\org\sonatype\aether\aether-impl\1.7\aether-impl-1.7.jar;C:\Users\Boubo\.m2\repository\org\sonatype\aether\aether-spi\1.7\aether-spi-1.7.jar;C:\Users\Boubo\.m2\repository\org\sonatype\aether\aether-api\1.7\aether-api-1.7.jar;C:\Users\Boubo\.m2\repository\org\sonatype\aether\aether-util\1.7\aether-util-1.7.jar;C:\Users\Boubo\.m2\repository\org\sonatype\plexus\plexus-sec-dispatcher\1.3\plexus-sec-dispatcher-1.3.jar;C:\Users\Boubo\.m2\repository\org\sonatype\plexus\plexus-cipher\1.4\plexus-cipher-1.4.jar;C:\Users\Boubo\.m2\repository\org\codehaus\plexus\plexus-utils\3.0.22\plexus-utils-3.0.22.jar;C:\Users\Boubo\.m2\repository\org\apache\maven\shared\file-management\1.2.1\file-management-1.2.1.jar;C:\Users\Boubo\.m2\repository\org\apache\maven\reporting\maven-reporting-api\3.0\maven-reporting-api-3.0.jar;C:\Users\Boubo\.m2\repository\org\apache\maven\reporting\maven-reporting-impl\2.1\maven-reporting-impl-2.1.jar;C:\Users\Boubo\.m2\repository\org\apache\maven\maven-project\2.0.10\maven-project-2.0.10.jar;C:\Users\Boubo\.m2\repository\org\apache\maven\maven-profile\2.0.10\maven-profile-2.0.10.jar;C:\Users\Boubo\.m2\repository\org\apache\maven\maven-plugin-registry\2.0.10\maven-plugin-registry-2.0.10.jar;C:\Users\Boubo\.m2\repository\org\jacoco\org.jacoco.agent\0.8.5\org.jacoco.agent-0.8.5-runtime.jar;C:\Users\Boubo\.m2\repository\org\jacoco\org.jacoco.core\0.8.5\org.jacoco.core-0.8.5.jar;C:\Users\Boubo\.m2\repository\org\ow2\asm\asm\7.2\asm-7.2.jar;C:\Users\Boubo\.m2\repository\org\ow2\asm\asm-commons\7.2\asm-commons-7.2.jar;C:\Users\Boubo\.m2\repository\org\ow2\asm\asm-analysis\7.2\asm-analysis-7.2.jar;C:\Users\Boubo\.m2\repository\org\ow2\asm\asm-tree\7.2\asm-tree-7.2.jar;C:\Users\Boubo\.m2\repository\org\jacoco\org.jacoco.report\0.8.5\org.jacoco.report-0.8.5.jar;C:\Users\Boubo\.m2\repository\org\apache\maven\plugins\maven-assembly-plugin\3.0.0\maven-assembly-plugin-3.0.0.jar;C:\Users\Boubo\.m2\repository\org\apache\maven\maven-artifact\3.0\maven-artifact-3.0.jar;C:\Users\Boubo\.m2\repository\org\apache\maven\maven-model\3.0\maven-model-3.0.jar;C:\Users\Boubo\.m2\repository\org\apache\maven\shared\maven-common-artifact-filters\3.0.1\maven-common-artifact-filters-3.0.1.jar;C:\Users\Boubo\.m2\repository\org\apache\maven\shared\maven-artifact-transfer\0.9.0\maven-artifact-transfer-0.9.0.jar;C:\Users\Boubo\.m2\repository\org\slf4j\slf4j-api\1.7.5\slf4j-api-1.7.5.jar;C:\Users\Boubo\.m2\repository\org\codehaus\plexus\plexus-interpolation\1.24\plexus-interpolation-1.24.jar;C:\Users\Boubo\.m2\repository\org\codehaus\plexus\plexus-archiver\3.4\plexus-archiver-3.4.jar;C:\Users\Boubo\.m2\repository\org\apache\commons\commons-compress\1.11\commons-compress-1.11.jar;C:\Users\Boubo\.m2\repository\org\iq80\snappy\snappy\0.4\snappy-0.4.jar;C:\Users\Boubo\.m2\repository\org\tukaani\xz\1.5\xz-1.5.jar;C:\Users\Boubo\.m2\repository\org\apache\maven\shared\maven-shared-io\3.0.0\maven-shared-io-3.0.0.jar;C:\Users\Boubo\.m2\repository\commons-io\commons-io\2.5\commons-io-2.5.jar;C:\Users\Boubo\.m2\repository\org\apache\maven\shared\maven-filtering\3.1.1\maven-filtering-3.1.1.jar;C:\Users\Boubo\.m2\repository\org\codehaus\plexus\plexus-io\2.7.1\plexus-io-2.7.1.jar;C:\Users\Boubo\.m2\repository\org\apache\maven\maven-archiver\3.1.1\maven-archiver-3.1.1.jar;C:\Users\Boubo\.m2\repository\commons-codec\commons-codec\1.6\commons-codec-1.6.jar;C:\Users\Boubo\.m2\repository\org\apache\maven\plugins\maven-site-plugin\3.7.1\maven-site-plugin-3.7.1.jar;C:\Users\Boubo\.m2\repository\org\apache\maven\reporting\maven-reporting-exec\1.4\maven-reporting-exec-1.4.jar;C:\Users\Boubo\.m2\repository\org\eclipse\aether\aether-util\0.9.0.M2\aether-util-0.9.0.M2.jar;C:\Users\Boubo\.m2\repository\org\apache\maven\shared\maven-shared-utils\3.1.0\maven-shared-utils-3.1.0.jar;C:\Users\Boubo\.m2\repository\org\apache\maven\maven-settings\3.0\maven-settings-3.0.jar;C:\Users\Boubo\.m2\repository\org\apache\maven\maven-settings-builder\3.0\maven-settings-builder-3.0.jar;C:\Users\Boubo\.m2\repository\org\sonatype\sisu\sisu-inject-plexus\1.4.2\sisu-inject-plexus-1.4.2.jar;C:\Users\Boubo\.m2\repository\org\sonatype\sisu\sisu-inject-bean\1.4.2\sisu-inject-bean-1.4.2.jar;C:\Users\Boubo\.m2\repository\org\sonatype\sisu\sisu-guice\2.1.7\sisu-guice-2.1.7-noaop.jar;C:\Users\Boubo\.m2\repository\org\codehaus\plexus\plexus-i18n\1.0-beta-10\plexus-i18n-1.0-beta-10.jar;C:\Users\Boubo\.m2\repository\org\codehaus\plexus\plexus-classworlds\2.5.2\plexus-classworlds-2.5.2.jar;C:\Users\Boubo\.m2\repository\org\apache\maven\doxia\doxia-sink-api\1.8\doxia-sink-api-1.8.jar;C:\Users\Boubo\.m2\repository\org\apache\maven\doxia\doxia-logging-api\1.8\doxia-logging-api-1.8.jar;C:\Users\Boubo\.m2\repository\org\apache\maven\doxia\doxia-module-xhtml\1.8\doxia-module-xhtml-1.8.jar;C:\Users\Boubo\.m2\repository\org\apache\maven\doxia\doxia-module-apt\1.8\doxia-module-apt-1.8.jar;C:\Users\Boubo\.m2\repository\org\apache\maven\doxia\doxia-module-xdoc\1.8\doxia-module-xdoc-1.8.jar;C:\Users\Boubo\.m2\repository\org\apache\maven\doxia\doxia-module-fml\1.8\doxia-module-fml-1.8.jar;C:\Users\Boubo\.m2\repository\org\apache\maven\doxia\doxia-module-markdown\1.8\doxia-module-markdown-1.8.jar;C:\Users\Boubo\.m2\repository\com\vladsch\flexmark\flexmark-all\0.18.4\flexmark-all-0.18.4.jar;C:\Users\Boubo\.m2\repository\com\vladsch\flexmark\flexmark\0.18.4\flexmark-0.18.4.jar;C:\Users\Boubo\.m2\repository\com\vladsch\flexmark\flexmark-ext-abbreviation\0.18.4\flexmark-ext-abbreviation-0.18.4.jar;C:\Users\Boubo\.m2\repository\com\vladsch\flexmark\flexmark-ext-anchorlink\0.18.4\flexmark-ext-anchorlink-0.18.4.jar;C:\Users\Boubo\.m2\repository\com\vladsch\flexmark\flexmark-ext-aside\0.18.4\flexmark-ext-aside-0.18.4.jar;C:\Users\Boubo\.m2\repository\com\vladsch\flexmark\flexmark-ext-autolink\0.18.4\flexmark-ext-autolink-0.18.4.jar;C:\Users\Boubo\.m2\repository\org\nibor\autolink\autolink\0.6.0\autolink-0.6.0.jar;C:\Users\Boubo\.m2\repository\com\vladsch\flexmark\flexmark-ext-definition\0.18.4\flexmark-ext-definition-0.18.4.jar;C:\Users\Boubo\.m2\repository\com\vladsch\flexmark\flexmark-ext-emoji\0.18.4\flexmark-ext-emoji-0.18.4.jar;C:\Users\Boubo\.m2\repository\com\vladsch\flexmark\flexmark-ext-escaped-character\0.18.4\flexmark-ext-escaped-character-0.18.4.jar;C:\Users\Boubo\.m2\repository\com\vladsch\flexmark\flexmark-ext-footnotes\0.18.4\flexmark-ext-footnotes-0.18.4.jar;C:\Users\Boubo\.m2\repository\com\vladsch\flexmark\flexmark-ext-gfm-strikethrough\0.18.4\flexmark-ext-gfm-strikethrough-0.18.4.jar;C:\Users\Boubo\.m2\repository\com\vladsch\flexmark\flexmark-ext-gfm-tables\0.18.4\flexmark-ext-gfm-tables-0.18.4.jar;C:\Users\Boubo\.m2\repository\com\vladsch\flexmark\flexmark-ext-gfm-tasklist\0.18.4\flexmark-ext-gfm-tasklist-0.18.4.jar;C:\Users\Boubo\.m2\repository\com\vladsch\flexmark\flexmark-ext-jekyll-front-matter\0.18.4\flexmark-ext-jekyll-front-matter-0.18.4.jar;C:\Users\Boubo\.m2\repository\com\vladsch\flexmark\flexmark-ext-jekyll-tag\0.18.4\flexmark-ext-jekyll-tag-0.18.4.jar;C:\Users\Boubo\.m2\repository\com\vladsch\flexmark\flexmark-ext-ins\0.18.4\flexmark-ext-ins-0.18.4.jar;C:\Users\Boubo\.m2\repository\com\vladsch\flexmark\flexmark-ext-xwiki-macros\0.18.4\flexmark-ext-xwiki-macros-0.18.4.jar;C:\Users\Boubo\.m2\repository\com\vladsch\flexmark\flexmark-ext-spec-example\0.18.4\flexmark-ext-spec-example-0.18.4.jar;C:\Users\Boubo\.m2\repository\com\vladsch\flexmark\flexmark-test-util\0.18.4\flexmark-test-util-0.18.4.jar;C:\Users\Boubo\.m2\repository\com\vladsch\flexmark\flexmark-ext-superscript\0.18.4\flexmark-ext-superscript-0.18.4.jar;C:\Users\Boubo\.m2\repository\com\vladsch\flexmark\flexmark-ext-tables\0.18.4\flexmark-ext-tables-0.18.4.jar;C:\Users\Boubo\.m2\repository\com\vladsch\flexmark\flexmark-ext-toc\0.18.4\flexmark-ext-toc-0.18.4.jar;C:\Users\Boubo\.m2\repository\com\vladsch\flexmark\flexmark-ext-typographic\0.18.4\flexmark-ext-typographic-0.18.4.jar;C:\Users\Boubo\.m2\repository\com\vladsch\flexmark\flexmark-ext-wikilink\0.18.4\flexmark-ext-wikilink-0.18.4.jar;C:\Users\Boubo\.m2\repository\com\vladsch\flexmark\flexmark-ext-yaml-front-matter\0.18.4\flexmark-ext-yaml-front-matter-0.18.4.jar;C:\Users\Boubo\.m2\repository\com\vladsch\flexmark\flexmark-formatter\0.18.4\flexmark-formatter-0.18.4.jar;C:\Users\Boubo\.m2\repository\com\vladsch\flexmark\flexmark-html-parser\0.18.4\flexmark-html-parser-0.18.4.jar;C:\Users\Boubo\.m2\repository\com\vladsch\flexmark\flexmark-jira-converter\0.18.4\flexmark-jira-converter-0.18.4.jar;C:\Users\Boubo\.m2\repository\com\vladsch\flexmark\flexmark-pdf-converter\0.18.4\flexmark-pdf-converter-0.18.4.jar;C:\Users\Boubo\.m2\repository\com\openhtmltopdf\openhtmltopdf-core\0.0.1-RC9\openhtmltopdf-core-0.0.1-RC9.jar;C:\Users\Boubo\.m2\repository\com\openhtmltopdf\openhtmltopdf-pdfbox\0.0.1-RC9\openhtmltopdf-pdfbox-0.0.1-RC9.jar;C:\Users\Boubo\.m2\repository\org\apache\pdfbox\pdfbox\2.0.4\pdfbox-2.0.4.jar;C:\Users\Boubo\.m2\repository\org\apache\pdfbox\fontbox\2.0.4\fontbox-2.0.4.jar;C:\Users\Boubo\.m2\repository\com\openhtmltopdf\openhtmltopdf-rtl-support\0.0.1-RC9\openhtmltopdf-rtl-support-0.0.1-RC9.jar;C:\Users\Boubo\.m2\repository\com\openhtmltopdf\openhtmltopdf-jsoup-dom-converter\0.0.1-RC9\openhtmltopdf-jsoup-dom-converter-0.0.1-RC9.jar;C:\Users\Boubo\.m2\repository\com\vladsch\flexmark\flexmark-profile-pegdown\0.18.4\flexmark-profile-pegdown-0.18.4.jar;C:\Users\Boubo\.m2\repository\com\vladsch\flexmark\flexmark-util\0.18.4\flexmark-util-0.18.4.jar;C:\Users\Boubo\.m2\repository\com\vladsch\flexmark\flexmark-youtrack-converter\0.18.4\flexmark-youtrack-converter-0.18.4.jar;C:\Users\Boubo\.m2\repository\javax\servlet\servlet-api\2.5\servlet-api-2.5.jar;C:\Users\Boubo\.m2\repository\org\apache\maven\doxia\doxia-decoration-model\1.8.1\doxia-decoration-model-1.8.1.jar;C:\Users\Boubo\.m2\repository\org\apache\maven\doxia\doxia-site-renderer\1.8.1\doxia-site-renderer-1.8.1.jar;C:\Users\Boubo\.m2\repository\org\apache\maven\doxia\doxia-skin-model\1.8.1\doxia-skin-model-1.8.1.jar;C:\Users\Boubo\.m2\repository\org\apache\velocity\velocity-tools\2.0\velocity-tools-2.0.jar;C:\Users\Boubo\.m2\repository\commons-chain\commons-chain\1.1\commons-chain-1.1.jar;C:\Users\Boubo\.m2\repository\oro\oro\2.0.8\oro-2.0.8.jar;C:\Users\Boubo\.m2\repository\sslext\sslext\1.2-0\sslext-1.2-0.jar;C:\Users\Boubo\.m2\repository\org\apache\struts\struts-core\1.3.8\struts-core-1.3.8.jar;C:\Users\Boubo\.m2\repository\org\apache\struts\struts-taglib\1.3.8\struts-taglib-1.3.8.jar;C:\Users\Boubo\.m2\repository\org\apache\struts\struts-tiles\1.3.8\struts-tiles-1.3.8.jar;C:\Users\Boubo\.m2\repository\commons-collections\commons-collections\3.2.1\commons-collections-3.2.1.jar;C:\Users\Boubo\.m2\repository\org\apache\maven\doxia\doxia-integration-tools\1.8.1\doxia-integration-tools-1.8.1.jar;C:\Users\Boubo\.m2\repository\org\apache\maven\wagon\wagon-provider-api\1.0\wagon-provider-api-1.0.jar;C:\Users\Boubo\.m2\repository\org\mortbay\jetty\jetty\6.1.25\jetty-6.1.25.jar;C:\Users\Boubo\.m2\repository\org\mortbay\jetty\servlet-api\2.5-20081211\servlet-api-2.5-20081211.jar;C:\Users\Boubo\.m2\repository\org\mortbay\jetty\jetty-util\6.1.25\jetty-util-6.1.25.jar;C:\Users\Boubo\.m2\repository\org\apache\commons\commons-lang3\3.4\commons-lang3-3.4.jar;C:\Users\Boubo\.m2\repository\org\apache\maven\plugins\maven-project-info-reports-plugin\3.0.0\maven-project-info-reports-plugin-3.0.0.jar;C:\Users\Boubo\.m2\repository\org\apache\maven\maven-repository-metadata\3.0\maven-repository-metadata-3.0.jar;C:\Users\Boubo\.m2\repository\org\apache\maven\shared\maven-dependency-tree\2.2\maven-dependency-tree-2.2.jar;C:\Users\Boubo\.m2\repository\org\apache\maven\shared\maven-shared-jar\1.2\maven-shared-jar-1.2.jar;C:\Users\Boubo\.m2\repository\org\codehaus\plexus\plexus-digest\1.0\plexus-digest-1.0.jar;C:\Users\Boubo\.m2\repository\org\apache\bcel\bcel\6.2\bcel-6.2.jar;C:\Users\Boubo\.m2\repository\org\apache\maven\scm\maven-scm-api\1.10.0\maven-scm-api-1.10.0.jar;C:\Users\Boubo\.m2\repository\org\apache\maven\scm\maven-scm-manager-plexus\1.10.0\maven-scm-manager-plexus-1.10.0.jar;C:\Users\Boubo\.m2\repository\org\apache\maven\scm\maven-scm-provider-hg\1.10.0\maven-scm-provider-hg-1.10.0.jar;C:\Users\Boubo\.m2\repository\org\apache\maven\scm\maven-scm-provider-perforce\1.10.0\maven-scm-provider-perforce-1.10.0.jar;C:\Users\Boubo\.m2\repository\org\apache\maven\scm\maven-scm-provider-starteam\1.10.0\maven-scm-provider-starteam-1.10.0.jar;C:\Users\Boubo\.m2\repository\org\apache\maven\scm\maven-scm-provider-svn-commons\1.10.0\maven-scm-provider-svn-commons-1.10.0.jar;C:\Users\Boubo\.m2\repository\org\apache\maven\scm\maven-scm-provider-svnexe\1.10.0\maven-scm-provider-svnexe-1.10.0.jar;C:\Users\Boubo\.m2\repository\org\apache\maven\scm\maven-scm-provider-cvs-commons\1.10.0\maven-scm-provider-cvs-commons-1.10.0.jar;C:\Users\Boubo\.m2\repository\org\apache\maven\scm\maven-scm-provider-cvsexe\1.10.0\maven-scm-provider-cvsexe-1.10.0.jar;C:\Users\Boubo\.m2\repository\org\apache\maven\scm\maven-scm-provider-cvsjava\1.10.0\maven-scm-provider-cvsjava-1.10.0.jar;C:\Users\Boubo\.m2\repository\org\netbeans\lib\cvsclient\20060125\cvsclient-20060125.jar;C:\Users\Boubo\.m2\repository\ch\ethz\ganymed\ganymed-ssh2\build210\ganymed-ssh2-build210.jar;C:\Users\Boubo\.m2\repository\org\apache\maven\scm\maven-scm-provider-git-commons\1.10.0\maven-scm-provider-git-commons-1.10.0.jar;C:\Users\Boubo\.m2\repository\org\apache\maven\scm\maven-scm-provider-gitexe\1.10.0\maven-scm-provider-gitexe-1.10.0.jar;C:\Users\Boubo\.m2\repository\org\apache\maven\doxia\doxia-core\1.8\doxia-core-1.8.jar;C:\Users\Boubo\.m2\repository\org\apache\httpcomponents\httpclient\4.0.2\httpclient-4.0.2.jar;C:\Users\Boubo\.m2\repository\org\apache\httpcomponents\httpcore\4.0.1\httpcore-4.0.1.jar;C:\Users\Boubo\.m2\repository\org\apache\maven\wagon\wagon-http-lightweight\3.1.0\wagon-http-lightweight-3.1.0.jar;C:\Users\Boubo\.m2\repository\org\apache\maven\wagon\wagon-http-shared\3.1.0\wagon-http-shared-3.1.0.jar;C:\Users\Boubo\.m2\repository\org\jsoup\jsoup\1.11.2\jsoup-1.11.2.jar;C:\Users\Boubo\.m2\repository\commons-validator\commons-validator\1.6\commons-validator-1.6.jar;C:\Users\Boubo\.m2\repository\commons-beanutils\commons-beanutils\1.9.2\commons-beanutils-1.9.2.jar;C:\Users\Boubo\.m2\repository\commons-digester\commons-digester\1.8.1\commons-digester-1.8.1.jar;C:\Users\Boubo\.m2\repository\commons-logging\commons-logging\1.2\commons-logging-1.2.jar;C:\Users\Boubo\.m2\repository\org\apache\maven\plugins\maven-jxr-plugin\3.0.0\maven-jxr-plugin-3.0.0.jar;C:\Users\Boubo\.m2\repository\org\apache\maven\maven-jxr\3.0.0\maven-jxr-3.0.0.jar;C:\Users\Boubo\.m2\repository\org\codehaus\plexus\plexus-java\0.9.8\plexus-java-0.9.8.jar;C:\Users\Boubo\.m2\repository\com\thoughtworks\qdox\qdox\2.0-M7\qdox-2.0-M7.jar;C:\Users\Boubo\.m2\repository\xml-apis\xml-apis\1.0.b2\xml-apis-1.0.b2.jar;C:\Users\Boubo\.m2\repository\xalan\xalan\2.7.0\xalan-2.7.0.jar;C:\Users\Boubo\.m2\repository\org\apache\maven\plugins\maven-checkstyle-plugin\3.1.2\maven-checkstyle-plugin-3.1.2.jar;C:\Users\Boubo\.m2\repository\org\codehaus\plexus\plexus-component-annotations\2.0.0\plexus-component-annotations-2.0.0.jar;C:\Users\Boubo\.m2\repository\org\codehaus\plexus\plexus-resources\1.1.0\plexus-resources-1.1.0.jar;C:\Users\Boubo\.m2\repository\org\codehaus\plexus\plexus-velocity\1.2\plexus-velocity-1.2.jar;C:\Users\Boubo\.m2\repository\com\puppycrawl\tools\checkstyle\8.29\checkstyle-8.29.jar;C:\Users\Boubo\.m2\repository\info\picocli\picocli\4.1.4\picocli-4.1.4.jar;C:\Users\Boubo\.m2\repository\antlr\antlr\2.7.7\antlr-2.7.7.jar;C:\Users\Boubo\.m2\repository\org\antlr\antlr4-runtime\4.8-1\antlr4-runtime-4.8-1.jar;C:\Users\Boubo\.m2\repository\com\google\guava\guava\28.2-jre\guava-28.2-jre.jar;C:\Users\Boubo\.m2\repository\com\google\guava\failureaccess\1.0.1\failureaccess-1.0.1.jar;C:\Users\Boubo\.m2\repository\com\google\guava\listenablefuture\9999.0-empty-to-avoid-conflict-with-guava\listenablefuture-9999.0-empty-to-avoid-conflict-with-guava.jar;C:\Users\Boubo\.m2\repository\org\checkerframework\checker-qual\2.10.0\checker-qual-2.10.0.jar;C:\Users\Boubo\.m2\repository\com\google\errorprone\error_prone_annotations\2.3.4\error_prone_annotations-2.3.4.jar;C:\Users\Boubo\.m2\repository\com\google\j2objc\j2objc-annotations\1.3\j2objc-annotations-1.3.jar;C:\Users\Boubo\.m2\repository\net\sf\saxon\Saxon-HE\9.9.1-6\Saxon-HE-9.9.1-6.jar;C:\Users\Boubo\.m2\repository\org\apache\velocity\velocity\1.7\velocity-1.7.jar;C:\Users\Boubo\.m2\repository\javax\xml\bind\jaxb-api\2.3.1\jaxb-api-2.3.1.jar;C:\Users\Boubo\.m2\repository\javax\activation\javax.activation-api\1.2.0\javax.activation-api-1.2.0.jar;C:\Users\Boubo\.m2\repository\org\codehaus\mojo\findbugs-maven-plugin\3.0.5\findbugs-maven-plugin-3.0.5.jar;C:\Users\Boubo\.m2\repository\org\apache\ant\ant\1.9.9\ant-1.9.9.jar;C:\Users\Boubo\.m2\repository\org\apache\ant\ant-launcher\1.9.9\ant-launcher-1.9.9.jar;C:\Users\Boubo\.m2\repository\org\codehaus\groovy\groovy\2.4.12\groovy-2.4.12.jar;C:\Users\Boubo\.m2\repository\org\codehaus\groovy\groovy-ant\2.4.12\groovy-ant-2.4.12.jar;C:\Users\Boubo\.m2\repository\org\apache\ant\ant-antlr\1.9.4\ant-antlr-1.9.4.jar;C:\Users\Boubo\.m2\repository\org\apache\ant\ant-junit\1.9.4\ant-junit-1.9.4.jar;C:\Users\Boubo\.m2\repository\org\codehaus\groovy\groovy-groovydoc\2.4.12\groovy-groovydoc-2.4.12.jar;C:\Users\Boubo\.m2\repository\org\codehaus\groovy\groovy-templates\2.4.12\groovy-templates-2.4.12.jar;C:\Users\Boubo\.m2\repository\org\codehaus\groovy\groovy-xml\2.4.12\groovy-xml-2.4.12.jar;C:\Users\Boubo\.m2\repository\org\apache\maven\maven-compat\3.5.0\maven-compat-3.5.0.jar;C:\Users\Boubo\.m2\repository\org\apache\maven\maven-resolver-provider\3.5.0\maven-resolver-provider-3.5.0.jar;C:\Users\Boubo\.m2\repository\org\apache\maven\resolver\maven-resolver-spi\1.0.3\maven-resolver-spi-1.0.3.jar;C:\Users\Boubo\.m2\repository\org\apache\maven\resolver\maven-resolver-api\1.0.3\maven-resolver-api-1.0.3.jar;C:\Users\Boubo\.m2\repository\org\apache\maven\resolver\maven-resolver-util\1.0.3\maven-resolver-util-1.0.3.jar;C:\Users\Boubo\.m2\repository\org\apache\maven\resolver\maven-resolver-impl\1.0.3\maven-resolver-impl-1.0.3.jar;C:\Users\Boubo\.m2\repository\org\eclipse\sisu\org.eclipse.sisu.plexus\0.3.3\org.eclipse.sisu.plexus-0.3.3.jar;C:\Users\Boubo\.m2\repository\javax\enterprise\cdi-api\1.0\cdi-api-1.0.jar;C:\Users\Boubo\.m2\repository\javax\annotation\jsr250-api\1.0\jsr250-api-1.0.jar;C:\Users\Boubo\.m2\repository\javax\inject\javax.inject\1\javax.inject-1.jar;C:\Users\Boubo\.m2\repository\org\eclipse\sisu\org.eclipse.sisu.inject\0.3.3\org.eclipse.sisu.inject-0.3.3.jar;C:\Users\Boubo\.m2\repository\org\apache\maven\shared\maven-doxia-tools\1.4\maven-doxia-tools-1.4.jar;C:\Users\Boubo\.m2\repository\org\apache\maven\maven-artifact-manager\2.2.1\maven-artifact-manager-2.2.1.jar;C:\Users\Boubo\.m2\repository\backport-util-concurrent\backport-util-concurrent\3.1\backport-util-concurrent-3.1.jar;C:\Users\Boubo\.m2\repository\org\codehaus\plexus\plexus-container-default\1.7.1\plexus-container-default-1.7.1.jar;C:\Users\Boubo\.m2\repository\org\apache\xbean\xbean-reflect\3.7\xbean-reflect-3.7.jar;C:\Users\Boubo\.m2\repository\com\google\collections\google-collections\1.0\google-collections-1.0.jar;C:\Users\Boubo\.m2\repository\org\sonatype\plexus\plexus-build-api\0.0.7\plexus-build-api-0.0.7.jar;C:\Users\Boubo\.m2\repository\org\apache\maven\plugins\maven-surefire-report-plugin\3.0.0-M4\maven-surefire-report-plugin-3.0.0-M4.jar;C:\Users\Boubo\.m2\repository\org\apache\maven\surefire\surefire-report-parser\3.0.0-M4\surefire-report-parser-3.0.0-M4.jar;C:\Users\Boubo\.m2\repository\org\apache\maven\surefire\surefire-logger-api\3.0.0-M4\surefire-logger-api-3.0.0-M4.jar;C:\Users\Boubo\.m2\repository\commons-lang\commons-lang\2.6\commons-lang-2.6.jar;C:\Users\Boubo\.m2\repository\org\codehaus\mojo\xml-maven-plugin\1.0.2\xml-maven-plugin-1.0.2.jar;C:\Users\Boubo\.m2\repository\xml-resolver\xml-resolver\1.2\xml-resolver-1.2.jar;C:\Users\Boubo\.m2\repository\com\google\code\findbugs\findbugs\2.0.1\findbugs-2.0.1.jar;C:\Users\Boubo\.m2\repository\com\google\code\findbugs\bcel\2.0.1\bcel-2.0.1.jar;C:\Users\Boubo\.m2\repository\com\google\code\findbugs\jsr305\2.0.1\jsr305-2.0.1.jar;C:\Users\Boubo\.m2\repository\com\google\code\findbugs\jFormatString\2.0.1\jFormatString-2.0.1.jar;C:\Users\Boubo\.m2\repository\com\google\code\findbugs\annotations\2.0.1\annotations-2.0.1.jar;C:\Users\Boubo\.m2\repository\dom4j\dom4j\1.6.1\dom4j-1.6.1.jar;C:\Users\Boubo\.m2\repository\jaxen\jaxen\1.1.1\jaxen-1.1.1.jar;C:\Users\Boubo\.m2\repository\jdom\jdom\1.0\jdom-1.0.jar;C:\Users\Boubo\.m2\repository\xerces\xercesImpl\2.6.2\xercesImpl-2.6.2.jar;C:\Users\Boubo\.m2\repository\xom\xom\1.0\xom-1.0.jar;C:\Users\Boubo\.m2\repository\xerces\xmlParserAPIs\2.6.2\xmlParserAPIs-2.6.2.jar;C:\Users\Boubo\.m2\repository\com\ibm\icu\icu4j\2.6.1\icu4j-2.6.1.jar;C:\Users\Boubo\.m2\repository\asm\asm\3.3\asm-3.3.jar;C:\Users\Boubo\.m2\repository\asm\asm-tree\3.3\asm-tree-3.3.jar;C:\Users\Boubo\.m2\repository\asm\asm-commons\3.3\asm-commons-3.3.jar;"/>
    <property name="sun.cpu.endian" value="little"/>
    <property name="user.home" value="C:\Users\Boubo"/>
    <property name="user.language" value="fr"/>
    <property name="java.specification.vendor" value="Oracle Corporation"/>
    <property name="java.version.date" value="2021-01-19"/>
    <property name="java.home" value="C:\Users\Boubo\.jdks\azul-13.0.6"/>
    <property name="file.separator" value="\"/>
    <property name="basedir" value="C:\Users\Boubo\OneDrive\Bureau\developpement\openclassrooms\sealesforce\P05_boudjellal_nabil\code\parkingSystem"/>
    <property name="java.vm.compressedOopsMode" value="Zero based"/>
    <property name="line.separator" value="&#10;"/>
    <property name="java.vm.specification.vendor" value="Oracle Corporation"/>
    <property name="jdk.vendor.version" value="Zulu13.37+21-CA"/>
    <property name="java.specification.name" value="Java Platform API Specification"/>
    <property name="surefire.real.class.path" value="C:\Users\Boubo\AppData\Local\Temp\surefire3736130803984813042\surefirebooter5510084015224949454.jar"/>
    <property name="user.script" value=""/>
    <property name="sun.management.compiler" value="HotSpot 64-Bit Tiered Compilers"/>
    <property name="java.runtime.version" value="13.0.6+5-MTS"/>
    <property name="user.name" value="Boubo"/>
    <property name="path.separator" value=";"/>
    <property name="os.version" value="10.0"/>
    <property name="java.runtime.name" value="OpenJDK Runtime Environment"/>
    <property name="file.encoding" value="Cp1252"/>
    <property name="java.vm.name" value="OpenJDK 64-Bit Server VM"/>
    <property name="java.vendor.version" value="Zulu13.37+21-CA"/>
    <property name="localRepository" value="C:\Users\Boubo\.m2\repository"/>
    <property name="java.vendor.url.bug" value="http://www.azulsystems.com/support/"/>
    <property name="java.io.tmpdir" value="C:\Users\Boubo\AppData\Local\Temp\"/>
    <property name="idea.version" value="2020.3.2"/>
    <property name="java.version" value="13.0.6"/>
    <property name="user.dir" value="C:\Users\Boubo\OneDrive\Bureau\developpement\openclassrooms\sealesforce\P05_boudjellal_nabil\code\parkingSystem"/>
    <property name="os.arch" value="amd64"/>
    <property name="java.vm.specification.name" value="Java Virtual Machine Specification"/>
    <property name="sun.os.patch.level" value=""/>
    <property name="java.library.path" value="C:\Users\Boubo\.jdks\azul-13.0.6\bin;C:\Windows\Sun\Java\bin;C:\Windows\system32;C:\Windows;C:\Program Files\Common Files\Oracle\Java\javapath;C:\Program Files (x86)\Common Files\Oracle\Java\javapath;C:\Windows\system32;C:\Windows;C:\Windows\System32\Wbem;C:\Windows\System32\WindowsPowerShell\v1.0\;C:\Windows\System32\OpenSSH\;C:\Program Files\Git\cmd;C:\Program Files\MySQL\MySQL Shell 8.0\bin\;C:\Users\Boubo\AppData\Local\Microsoft\WindowsApps;;."/>
    <property name="java.vm.info" value="mixed mode, sharing"/>
    <property name="java.vendor" value="Azul Systems, Inc."/>
    <property name="java.vm.version" value="13.0.6+5-MTS"/>
    <property name="sun.io.unicode.encoding" value="UnicodeLittle"/>
    <property name="java.class.version" value="57.0"/>
  </properties>
  <testcase name="CheckIfRegularCustomerFalseTest" classname="com.parkit.parkingsystem.integration.daoIT.TicketDaoIT" time="0.049"/>
  <testcase name="CheckIfRegNumberIsInTheParkingTrueTest" classname="com.parkit.parkingsystem.integration.daoIT.TicketDaoIT" time="0.065"/>
  <testcase name="CheckIfRegNumberIsInTheParkingFalseTest" classname="com.parkit.parkingsystem.integration.daoIT.TicketDaoIT" time="0.057"/>
  <testcase name="updateTicketTrueTest" classname="com.parkit.parkingsystem.integration.daoIT.TicketDaoIT" time="0.08"/>
  <testcase name="saveUpdateParkingTest" classname="com.parkit.parkingsystem.integration.daoIT.TicketDaoIT" time="0.063"/>
  <testcase name="CheckIfRegularCustomerTrueTest" classname="com.parkit.parkingsystem.integration.daoIT.TicketDaoIT" time="0.056"/>
  <testcase name="updateTicketFalseTest" classname="com.parkit.parkingsystem.integration.daoIT.TicketDaoIT" time="0.046"/>
</testsuite>